<?xml version="1.0" encoding="utf-8" standalone="no"?>
<!--This file represents the results of running a test suite-->
<test-results name="C:\Documents and Settings\User\Escritorio\teoria-de-algoritmos-2013-2\Robustez\Test\bin\Debug\Test.dll" total="21" errors="0" failures="0" not-run="0" inconclusive="0" ignored="0" skipped="0" invalid="0" date="2013-10-27" time="22:34:35">
  <environment nunit-version="2.6.1.12217" clr-version="2.0.50727.3053" os-version="Microsoft Windows NT 5.1.2600 Service Pack 3" platform="Win32NT" cwd="C:\Documents and Settings\User\Escritorio\teoria-de-algoritmos-2013-2\Robustez" machine-name="FPA001" user="User" user-domain="FPA001" />
  <culture-info current-culture="es-AR" current-uiculture="es-ES" />
  <test-suite type="Assembly" name="C:\Documents and Settings\User\Escritorio\teoria-de-algoritmos-2013-2\Robustez\Test\bin\Debug\Test.dll" executed="True" result="Success" success="True" time="0.422" asserts="0">
    <results>
      <test-suite type="Namespace" name="Test" executed="True" result="Success" success="True" time="0.391" asserts="0">
        <results>
          <test-suite type="TestFixture" name="TestGrafo" executed="True" result="Success" success="True" time="0.359" asserts="0">
            <results>
              <test-case name="Test.TestGrafo.TestAgregarArco" executed="True" result="Success" success="True" time="0.266" asserts="7" />
              <test-case name="Test.TestGrafo.TestAgregarVertice" executed="True" result="Success" success="True" time="0.000" asserts="2" />
              <test-case name="Test.TestGrafo.TestContieneVertice" executed="True" result="Success" success="True" time="0.000" asserts="2" />
              <test-case name="Test.TestGrafo.TestObtenerVertice" executed="True" result="Success" success="True" time="0.000" asserts="2" />
              <test-case name="Test.TestGrafo.TestRecorridoDFSGrafoDos" executed="True" result="Success" success="True" time="0.016" asserts="9" />
              <test-case name="Test.TestGrafo.TestRecorridoDFSGrafoTres" executed="True" result="Success" success="True" time="0.000" asserts="5" />
              <test-case name="Test.TestGrafo.TestRecorridoDFSGrafoUno" executed="True" result="Success" success="True" time="0.000" asserts="11" />
            </results>
          </test-suite>
          <test-suite type="TestFixture" name="TestListaEnlazada" executed="True" result="Success" success="True" time="0.016" asserts="0">
            <results>
              <test-case name="Test.TestListaEnlazada.TestElementoContieneFalse" executed="True" result="Success" success="True" time="0.016" asserts="1" />
              <test-case name="Test.TestListaEnlazada.TestElementoContieneTrue" executed="True" result="Success" success="True" time="0.000" asserts="1" />
              <test-case name="Test.TestListaEnlazada.TestIteradorListaHasNextFalse" executed="True" result="Success" success="True" time="0.000" asserts="1" />
              <test-case name="Test.TestListaEnlazada.TestIteradorListaHasNextTrue" executed="True" result="Success" success="True" time="0.000" asserts="1" />
              <test-case name="Test.TestListaEnlazada.TestIteradorListaNextDosVertices" executed="True" result="Success" success="True" time="0.000" asserts="2" />
              <test-case name="Test.TestListaEnlazada.TestIteradorListaNextNull" executed="True" result="Success" success="True" time="0.000" asserts="1" />
              <test-case name="Test.TestListaEnlazada.TestIteradorListaNextUnVertice" executed="True" result="Success" success="True" time="0.000" asserts="1" />
              <test-case name="Test.TestListaEnlazada.TestPrimero" executed="True" result="Success" success="True" time="0.000" asserts="1" />
              <test-case name="Test.TestListaEnlazada.TestUltimo" executed="True" result="Success" success="True" time="0.000" asserts="1" />
              <test-case name="Test.TestListaEnlazada.TestVaciaFalse" executed="True" result="Success" success="True" time="0.000" asserts="1" />
              <test-case name="Test.TestListaEnlazada.TestVaciaTrue" executed="True" result="Success" success="True" time="0.000" asserts="1" />
            </results>
          </test-suite>
          <test-suite type="TestFixture" name="TestRobustez" executed="True" result="Success" success="True" time="0.016" asserts="0">
            <results>
              <test-case name="Test.TestRobustez.TestAumentarRobustezGrafoDosRobustezCuatro" executed="True" result="Success" success="True" time="0.016" asserts="6" />
              <test-case name="Test.TestRobustez.TestAumentarRobustezGrafoDosRobustezTres" executed="True" result="Success" success="True" time="0.000" asserts="3" />
              <test-case name="Test.TestRobustez.TestAumentarRobustezGrafoUno" executed="True" result="Success" success="True" time="0.000" asserts="4" />
            </results>
          </test-suite>
        </results>
      </test-suite>
    </results>
  </test-suite>
</test-results>