<?xml version="1.0" encoding="utf-8" standalone="no"?>
<!--This file represents the results of running a test suite-->
<test-results name="C:\Users\PCDAMBROSIO\Desktop\teoria-de-algoritmos-2013-2\Empaquetado\V2005\tdatp3\Test\bin\Debug\Test.dll" total="1" errors="0" failures="0" not-run="0" inconclusive="0" ignored="0" skipped="0" invalid="0" date="2013-11-27" time="11:59:36">
  <environment nunit-version="2.6.1.12217" clr-version="2.0.50727.5472" os-version="Microsoft Windows NT 6.1.7601 Service Pack 1" platform="Win32NT" cwd="C:\Program Files (x86)\NUnit 2.6.1\bin" machine-name="JDAMBROSIO-PC" user="JDAMBROSIO" user-domain="JDAMBROSIO-PC" />
  <culture-info current-culture="es-AR" current-uiculture="es-ES" />
  <test-suite type="Assembly" name="C:\Users\PCDAMBROSIO\Desktop\teoria-de-algoritmos-2013-2\Empaquetado\V2005\tdatp3\Test\bin\Debug\Test.dll" executed="True" result="Success" success="True" time="10.073" asserts="0">
    <results>
      <test-suite type="Namespace" name="Test" executed="True" result="Success" success="True" time="10.055" asserts="0">
        <results>
          <test-suite type="TestFixture" name="TestSolucionExacta" executed="True" result="Success" success="True" time="10.052" asserts="0">
            <results>
              <test-case name="Test.TestSolucionExacta.TestEncontrarSolucion28Items" executed="True" result="Success" success="True" time="10.038" asserts="0" />
            </results>
          </test-suite>
        </results>
      </test-suite>
    </results>
  </test-suite>
</test-results>