<?xml version="1.0" encoding="utf-8" standalone="no"?>
<!--This file represents the results of running a test suite-->
<test-results name="C:\Documents and Settings\User\Escritorio\teoria-de-algoritmos-2013-2\Empaquetado\V2005\tdatp3\Test\bin\Debug\Test.dll" total="1" errors="0" failures="0" not-run="0" inconclusive="0" ignored="0" skipped="0" invalid="0" date="2013-11-23" time="13:25:20">
  <environment nunit-version="2.6.0.12051" clr-version="2.0.50727.3053" os-version="Microsoft Windows NT 5.1.2600 Service Pack 3" platform="Win32NT" cwd="C:\Documents and Settings\User\Escritorio\teoria-de-algoritmos-2013-2\Empaquetado\V2005\tdatp3\Test\bin\Debug" machine-name="FPA001" user="User" user-domain="FPA001" />
  <culture-info current-culture="es-AR" current-uiculture="es-ES" />
  <test-suite type="Assembly" name="C:\Documents and Settings\User\Escritorio\teoria-de-algoritmos-2013-2\Empaquetado\V2005\tdatp3\Test\bin\Debug\Test.dll" executed="True" result="Success" success="True" time="0.141" asserts="0">
    <results>
      <test-suite type="Namespace" name="Test" executed="True" result="Success" success="True" time="0.141" asserts="0">
        <results>
          <test-suite type="TestFixture" name="TestSolucionAproximada" executed="True" result="Success" success="True" time="0.125" asserts="0">
            <results>
              <test-case name="Test.TestSolucionAproximada.TestEncontrarSolucion" executed="True" result="Success" success="True" time="0.109" asserts="7" />
            </results>
          </test-suite>
        </results>
      </test-suite>
    </results>
  </test-suite>
</test-results>