<?xml version="1.0" encoding="utf-8" standalone="no"?>
<!--This file represents the results of running a test suite-->
<test-results name="C:\Users\PCDAMBROSIO\Desktop\teoria-de-algoritmos-2013-2\Distancia\Test\bin\Debug\Test.dll" total="15" errors="0" failures="0" not-run="0" inconclusive="0" ignored="0" skipped="0" invalid="0" date="2013-11-05" time="16:12:41">
  <environment nunit-version="2.6.1.12217" clr-version="2.0.50727.5472" os-version="Microsoft Windows NT 6.1.7601 Service Pack 1" platform="Win32NT" cwd="C:\Users\PCDAMBROSIO\Desktop\teoria-de-algoritmos-2013-2\Distancia" machine-name="JDAMBROSIO-PC" user="JDAMBROSIO" user-domain="JDAMBROSIO-PC" />
  <culture-info current-culture="es-AR" current-uiculture="es-ES" />
  <test-suite type="Assembly" name="C:\Users\PCDAMBROSIO\Desktop\teoria-de-algoritmos-2013-2\Distancia\Test\bin\Debug\Test.dll" executed="True" result="Success" success="True" time="0.217" asserts="0">
    <results>
      <test-suite type="Namespace" name="Test" executed="True" result="Success" success="True" time="0.198" asserts="0">
        <results>
          <test-suite type="TestFixture" name="TestDistancia" executed="True" result="Success" success="True" time="0.162" asserts="0">
            <results>
              <test-case name="Test.TestDistancia.TestBorrar" executed="True" result="Success" success="True" time="0.098" asserts="3" />
              <test-case name="Test.TestDistancia.TestCopiar" executed="True" result="Success" success="True" time="0.001" asserts="4" />
              <test-case name="Test.TestDistancia.TestInsertar" executed="True" result="Success" success="True" time="0.001" asserts="4" />
              <test-case name="Test.TestDistancia.TestIntercambiar" executed="True" result="Success" success="True" time="0.002" asserts="5" />
              <test-case name="Test.TestDistancia.TestObtenerDistanciaCuatro" executed="True" result="Success" success="True" time="0.002" asserts="1" />
              <test-case name="Test.TestDistancia.TestObtenerDistanciaDos" executed="True" result="Success" success="True" time="0.001" asserts="1" />
              <test-case name="Test.TestDistancia.TestObtenerDistanciaIntercambiar" executed="True" result="Success" success="True" time="0.001" asserts="3" />
              <test-case name="Test.TestDistancia.TestObtenerDistanciaTres" executed="True" result="Success" success="True" time="0.001" asserts="1" />
              <test-case name="Test.TestDistancia.TestObtenerDistanciaUno" executed="True" result="Success" success="True" time="0.001" asserts="1" />
              <test-case name="Test.TestDistancia.TestReemplazar" executed="True" result="Success" success="True" time="0.001" asserts="4" />
              <test-case name="Test.TestDistancia.TestTerminar" executed="True" result="Success" success="True" time="0.000" asserts="3" />
            </results>
          </test-suite>
          <test-suite type="TestFixture" name="TestDistanciaEdicionEdicion" executed="True" result="Success" success="True" time="0.030" asserts="0">
            <results>
              <test-case name="Test.TestDistanciaEdicionEdicion.TestObtenerDistanciaEdicionEjemplo" executed="True" result="Success" success="True" time="0.015" asserts="1" />
              <test-case name="Test.TestDistanciaEdicionEdicion.TestObtenerDistanciaEdicionEjemplo2" executed="True" result="Success" success="True" time="0.003" asserts="1" />
              <test-case name="Test.TestDistanciaEdicionEdicion.TestObtenerDistanciaEdicionEjemplo3" executed="True" result="Success" success="True" time="0.003" asserts="1" />
              <test-case name="Test.TestDistanciaEdicionEdicion.TestObtenerDistanciaEdicionEjemplo4" executed="True" result="Success" success="True" time="0.004" asserts="1" />
            </results>
          </test-suite>
        </results>
      </test-suite>
    </results>
  </test-suite>
</test-results>